This is pdfTeX, Version 3.141592653-2.6-1.40.23 (TeX Live 2021/W32TeX) (preloaded format=pdflatex 2021.12.22)  19 NOV 2022 09:12
entering extended mode
 restricted \write18 enabled.
 %&-line parsing enabled.
**Time_Series_Regression_1.tex
(./Time_Series_Regression_1.tex
LaTeX2e <2021-11-15> patch level 1
L3 programming layer <2021-11-22>
(c:/texlive/2021/texmf-dist/tex/latex/base/article.cls
Document Class: article 2021/10/04 v1.4n Standard LaTeX document class
(c:/texlive/2021/texmf-dist/tex/latex/base/size10.clo
File: size10.clo 2021/10/04 v1.4n Standard LaTeX file (size option)
)
\c@part=\count183
\c@section=\count184
\c@subsection=\count185
\c@subsubsection=\count186
\c@paragraph=\count187
\c@subparagraph=\count188
\c@figure=\count189
\c@table=\count190
\abovecaptionskip=\skip47
\belowcaptionskip=\skip48
\bibindent=\dimen138
)
(c:/texlive/2021/texmf-dist/tex/latex/amsmath/amsmath.sty
Package: amsmath 2021/10/15 v2.17l AMS math features
\@mathmargin=\skip49

For additional information on amsmath, use the `?' option.
(c:/texlive/2021/texmf-dist/tex/latex/amsmath/amstext.sty
Package: amstext 2021/08/26 v2.01 AMS text

(c:/texlive/2021/texmf-dist/tex/latex/amsmath/amsgen.sty
File: amsgen.sty 1999/11/30 v2.0 generic functions
\@emptytoks=\toks16
\ex@=\dimen139
))
(c:/texlive/2021/texmf-dist/tex/latex/amsmath/amsbsy.sty
Package: amsbsy 1999/11/29 v1.2d Bold Symbols
\pmbraise@=\dimen140
)
(c:/texlive/2021/texmf-dist/tex/latex/amsmath/amsopn.sty
Package: amsopn 2021/08/26 v2.02 operator names
)
\inf@bad=\count191
LaTeX Info: Redefining \frac on input line 234.
\uproot@=\count192
\leftroot@=\count193
LaTeX Info: Redefining \overline on input line 399.
\classnum@=\count194
\DOTSCASE@=\count195
LaTeX Info: Redefining \ldots on input line 496.
LaTeX Info: Redefining \dots on input line 499.
LaTeX Info: Redefining \cdots on input line 620.
\Mathstrutbox@=\box50
\strutbox@=\box51
\big@size=\dimen141
LaTeX Font Info:    Redeclaring font encoding OML on input line 743.
LaTeX Font Info:    Redeclaring font encoding OMS on input line 744.
\macc@depth=\count196
\c@MaxMatrixCols=\count197
\dotsspace@=\muskip16
\c@parentequation=\count198
\dspbrk@lvl=\count199
\tag@help=\toks17
\row@=\count266
\column@=\count267
\maxfields@=\count268
\andhelp@=\toks18
\eqnshift@=\dimen142
\alignsep@=\dimen143
\tagshift@=\dimen144
\tagwidth@=\dimen145
\totwidth@=\dimen146
\lineht@=\dimen147
\@envbody=\toks19
\multlinegap=\skip50
\multlinetaggap=\skip51
\mathdisplay@stack=\toks20
LaTeX Info: Redefining \[ on input line 2938.
LaTeX Info: Redefining \] on input line 2939.
)
(c:/texlive/2021/texmf-dist/tex/latex/amsfonts/amssymb.sty
Package: amssymb 2013/01/14 v3.01 AMS font symbols

(c:/texlive/2021/texmf-dist/tex/latex/amsfonts/amsfonts.sty
Package: amsfonts 2013/01/14 v3.01 Basic AMSFonts support
\symAMSa=\mathgroup4
\symAMSb=\mathgroup5
LaTeX Font Info:    Redeclaring math symbol \hbar on input line 98.
LaTeX Font Info:    Overwriting math alphabet `\mathfrak' in version `bold'
(Font)                  U/euf/m/n --> U/euf/b/n on input line 106.
))
(c:/texlive/2021/texmf-dist/tex/latex/cjk-ko/kotex.sty
Package: kotex 2015/04/19 v1.6 Korean TeX (ko.TeX)

(c:/texlive/2021/texmf-dist/tex/latex/kotex-utf/kotex.cfg)
(c:/texlive/2021/texmf-dist/tex/latex/kotex-utf/kotexutf.sty
Package: kotexutf 2015/07/18 v2.1.1 typesetting UTF-8 Korean documents

(c:/texlive/2021/texmf-dist/tex/latex/base/inputenc.sty
Package: inputenc 2021/02/14 v1.3d Input encoding file
\inpenc@prehook=\toks21
\inpenc@posthook=\toks22
)
(c:/texlive/2021/texmf-dist/tex/plain/kotex-plain/kotexutf-core.tex
\unih@ngulpoint=\count269
\dhucs@emph@raise=\dimen148
)
Now handling font encoding LUC ...
... processing UTF-8 mapping file for font encoding LUC

(c:/texlive/2021/texmf-dist/tex/latex/kotex-utf/lucenc.dfu
File: lucenc.dfu 2007/09/05 UTF-8 support for dhucs
   defining Unicode char U+00B7 (decimal 183)
   defining Unicode char U+2018 (decimal 8216)
   defining Unicode char U+2019 (decimal 8217)
   defining Unicode char U+201C (decimal 8220)
   defining Unicode char U+201D (decimal 8221)
   defining Unicode char U+3001 (decimal 12289)
   defining Unicode char U+3002 (decimal 12290)
   defining Unicode char U+3008 (decimal 12296)
   defining Unicode char U+3009 (decimal 12297)
   defining Unicode char U+300A (decimal 12298)
   defining Unicode char U+300B (decimal 12299)
   defining Unicode char U+300C (decimal 12300)
   defining Unicode char U+300D (decimal 12301)
   defining Unicode char U+300E (decimal 12302)
   defining Unicode char U+300F (decimal 12303)
   defining Unicode char U+3010 (decimal 12304)
   defining Unicode char U+3011 (decimal 12305)
   defining Unicode char U+3014 (decimal 12308)
   defining Unicode char U+3015 (decimal 12309)
   defining Unicode char U+3016 (decimal 12310)
   defining Unicode char U+3017 (decimal 12311)
   defining Unicode char U+3018 (decimal 12312)
   defining Unicode char U+3019 (decimal 12313)
   defining Unicode char U+301A (decimal 12314)
   defining Unicode char U+301B (decimal 12315)
   defining Unicode char U+FF01 (decimal 65281)
   defining Unicode char U+FF08 (decimal 65288)
   defining Unicode char U+FF09 (decimal 65289)
   defining Unicode char U+FF0C (decimal 65292)
   defining Unicode char U+FF0E (decimal 65294)
   defining Unicode char U+FF1A (decimal 65306)
   defining Unicode char U+FF1B (decimal 65307)
   defining Unicode char U+FF1C (decimal 65308)
   defining Unicode char U+FF1D (decimal 65309)
   defining Unicode char U+FF1E (decimal 65310)
   defining Unicode char U+FF1F (decimal 65311)
   defining Unicode char U+FF3B (decimal 65339)
   defining Unicode char U+FF3D (decimal 65341)
   defining Unicode char U+FF5B (decimal 65371)
   defining Unicode char U+FF5D (decimal 65373)
   defining Unicode char U+FF61 (decimal 65377)
   defining Unicode char U+FF62 (decimal 65378)
   defining Unicode char U+FF63 (decimal 65379)
   defining Unicode char U+FF64 (decimal 65380)
   defining Unicode char U+FF65 (decimal 65381)
)
\@josa=\count270
\josatoks=\toks23

(c:/texlive/2021/texmf-dist/tex/latex/cjk-ko/kolabels-utf.sty
Package: kolabels-utf 2015/03/20 v1.5 UTF-8 Hangul item labels
)))
(c:/texlive/2021/texmf-dist/tex/latex/geometry/geometry.sty
Package: geometry 2020/01/02 v5.9 Page Geometry

(c:/texlive/2021/texmf-dist/tex/latex/graphics/keyval.sty
Package: keyval 2014/10/28 v1.15 key=value parser (DPC)
\KV@toks@=\toks24
)
(c:/texlive/2021/texmf-dist/tex/generic/iftex/ifvtex.sty
Package: ifvtex 2019/10/25 v1.7 ifvtex legacy package. Use iftex instead.

(c:/texlive/2021/texmf-dist/tex/generic/iftex/iftex.sty
Package: iftex 2020/03/06 v1.0d TeX engine tests
))
\Gm@cnth=\count271
\Gm@cntv=\count272
\c@Gm@tempcnt=\count273
\Gm@bindingoffset=\dimen149
\Gm@wd@mp=\dimen150
\Gm@odd@mp=\dimen151
\Gm@even@mp=\dimen152
\Gm@layoutwidth=\dimen153
\Gm@layoutheight=\dimen154
\Gm@layouthoffset=\dimen155
\Gm@layoutvoffset=\dimen156
\Gm@dimlist=\toks25
)
(c:/texlive/2021/texmf-dist/tex/latex/l3backend/l3backend-pdftex.def
File: l3backend-pdftex.def 2021-12-14 L3 backend support: PDF output (pdfTeX)
\l__color_backend_stack_int=\count274
\l__pdf_internal_box=\box52
)
(./Time_Series_Regression_1.aux)
\openout1 = `Time_Series_Regression_1.aux'.

LaTeX Font Info:    Checking defaults for OML/cmm/m/it on input line 4.
LaTeX Font Info:    ... okay on input line 4.
LaTeX Font Info:    Checking defaults for OMS/cmsy/m/n on input line 4.
LaTeX Font Info:    ... okay on input line 4.
LaTeX Font Info:    Checking defaults for OT1/cmr/m/n on input line 4.
LaTeX Font Info:    ... okay on input line 4.
LaTeX Font Info:    Checking defaults for T1/cmr/m/n on input line 4.
LaTeX Font Info:    ... okay on input line 4.
LaTeX Font Info:    Checking defaults for TS1/cmr/m/n on input line 4.
LaTeX Font Info:    ... okay on input line 4.
LaTeX Font Info:    Checking defaults for OMX/cmex/m/n on input line 4.
LaTeX Font Info:    ... okay on input line 4.
LaTeX Font Info:    Checking defaults for U/cmr/m/n on input line 4.
LaTeX Font Info:    ... okay on input line 4.
LaTeX Font Info:    Checking defaults for LUC/nanummj/m/n on input line 4.
LaTeX Font Info:    Trying to load font information for LUC+nanummj on input li
ne 4.

(c:/texlive/2021/texmf-dist/tex/latex/nanumtype1/lucnanummj.fd
File: lucnanummj.fd 2013/02/12 v0.1 Nanum Myeongjo font definitions
)
LaTeX Font Info:    ... okay on input line 4.

*geometry* driver: auto-detecting
*geometry* detected driver: pdftex
*geometry* verbose mode - [ preamble ] result:
* driver: pdftex
* paper: a4paper
* layout: <same size as paper>
* layoutoffset:(h,v)=(0.0pt,0.0pt)
* modes: 
* h-part:(L,W,R)=(28.45274pt, 540.60239pt, 28.45274pt)
* v-part:(T,H,B)=(28.45274pt, 788.14136pt, 28.45274pt)
* \paperwidth=597.50787pt
* \paperheight=845.04684pt
* \textwidth=540.60239pt
* \textheight=788.14136pt
* \oddsidemargin=-43.81725pt
* \evensidemargin=-43.81725pt
* \topmargin=-80.81725pt
* \headheight=12.0pt
* \headsep=25.0pt
* \topskip=10.0pt
* \footskip=30.0pt
* \marginparwidth=65.0pt
* \marginparsep=11.0pt
* \columnsep=10.0pt
* \skip\footins=9.0pt plus 4.0pt minus 2.0pt
* \hoffset=0.0pt
* \voffset=0.0pt
* \mag=1000
* \@twocolumnfalse
* \@twosidefalse
* \@mparswitchfalse
* \@reversemarginfalse
* (1in=72.27pt=25.4mm, 1cm=28.453pt)

LaTeX Font Info:    Trying to load font information for U+msa on input line 8.
(c:/texlive/2021/texmf-dist/tex/latex/amsfonts/umsa.fd
File: umsa.fd 2013/01/14 v3.01 AMS symbols A
)
LaTeX Font Info:    Trying to load font information for U+msb on input line 8.

(c:/texlive/2021/texmf-dist/tex/latex/amsfonts/umsb.fd
File: umsb.fd 2013/01/14 v3.01 AMS symbols B
) [1

{c:/texlive/2021/texmf-var/fonts/map/pdftex/updmap/pdftex.map}] [2] [3] [4]
(./Time_Series_Regression_1.aux) ) 
Here is how much of TeX's memory you used:
 2869 strings out of 478353
 43714 string characters out of 5852100
 364186 words of memory out of 5000000
 20928 multiletter control sequences out of 15000+600000
 443822 words of font info for 169 fonts, out of 8000000 for 9000
 1141 hyphenation exceptions out of 8191
 56i,10n,62p,265b,258s stack positions out of 5000i,500n,10000p,200000b,80000s
{c:/texlive/2021/texmf-dist/fonts/enc/dvips/c
m-super/cm-super-ts1.enc}<c:/texlive/2021/texmf-dist/fonts/type1/public/amsfont
s/cm/cmbx12.pfb><c:/texlive/2021/texmf-dist/fonts/type1/public/amsfonts/cm/cmex
10.pfb><c:/texlive/2021/texmf-dist/fonts/type1/public/amsfonts/cm/cmmi10.pfb><c
:/texlive/2021/texmf-dist/fonts/type1/public/amsfonts/cm/cmmi5.pfb><c:/texlive/
2021/texmf-dist/fonts/type1/public/amsfonts/cm/cmmi7.pfb><c:/texlive/2021/texmf
-dist/fonts/type1/public/amsfonts/cm/cmmi8.pfb><c:/texlive/2021/texmf-dist/font
s/type1/public/amsfonts/cm/cmr10.pfb><c:/texlive/2021/texmf-dist/fonts/type1/pu
blic/amsfonts/cm/cmr12.pfb><c:/texlive/2021/texmf-dist/fonts/type1/public/amsfo
nts/cm/cmr17.pfb><c:/texlive/2021/texmf-dist/fonts/type1/public/amsfonts/cm/cmr
5.pfb><c:/texlive/2021/texmf-dist/fonts/type1/public/amsfonts/cm/cmr6.pfb><c:/t
exlive/2021/texmf-dist/fonts/type1/public/amsfonts/cm/cmr7.pfb><c:/texlive/2021
/texmf-dist/fonts/type1/public/amsfonts/cm/cmr8.pfb><c:/texlive/2021/texmf-dist
/fonts/type1/public/amsfonts/cm/cmsy10.pfb><c:/texlive/2021/texmf-dist/fonts/ty
pe1/public/amsfonts/cm/cmsy7.pfb><c:/texlive/2021/texmf-dist/fonts/type1/public
/amsfonts/symbols/msbm10.pfb><c:/texlive/2021/texmf-dist/fonts/type1/public/nan
umtype1/nanummjbac.pfb><c:/texlive/2021/texmf-dist/fonts/type1/public/nanumtype
1/nanummjbad.pfb><c:/texlive/2021/texmf-dist/fonts/type1/public/nanumtype1/nanu
mmjbae.pfb><c:/texlive/2021/texmf-dist/fonts/type1/public/nanumtype1/nanummjbb2
.pfb><c:/texlive/2021/texmf-dist/fonts/type1/public/nanumtype1/nanummjbb3.pfb><
c:/texlive/2021/texmf-dist/fonts/type1/public/nanumtype1/nanummjbb7.pfb><c:/tex
live/2021/texmf-dist/fonts/type1/public/nanumtype1/nanummjbba.pfb><c:/texlive/2
021/texmf-dist/fonts/type1/public/nanumtype1/nanummjbbd.pfb><c:/texlive/2021/te
xmf-dist/fonts/type1/public/nanumtype1/nanummjbc0.pfb><c:/texlive/2021/texmf-di
st/fonts/type1/public/nanumtype1/nanummjbc1.pfb><c:/texlive/2021/texmf-dist/fon
ts/type1/public/nanumtype1/nanummjbc2.pfb><c:/texlive/2021/texmf-dist/fonts/typ
e1/public/nanumtype1/nanummjbc5.pfb><c:/texlive/2021/texmf-dist/fonts/type1/pub
lic/nanumtype1/nanummjbc6.pfb><c:/texlive/2021/texmf-dist/fonts/type1/public/na
numtype1/nanummjbc7.pfb><c:/texlive/2021/texmf-dist/fonts/type1/public/nanumtyp
e1/nanummjbc8.pfb><c:/texlive/2021/texmf-dist/fonts/type1/public/nanumtype1/nan
ummjbc9.pfb><c:/texlive/2021/texmf-dist/fonts/type1/public/nanumtype1/nanummjbc
c.pfb><c:/texlive/2021/texmf-dist/fonts/type1/public/nanumtype1/nanummjbcd.pfb>
<c:/texlive/2021/texmf-dist/fonts/type1/public/nanumtype1/nanummjbd5.pfb><c:/te
xlive/2021/texmf-dist/fonts/type1/public/nanumtype1/nanummjbd6.pfb><c:/texlive/
2021/texmf-dist/fonts/type1/public/nanumtype1/nanummjmac.pfb><c:/texlive/2021/t
exmf-dist/fonts/type1/public/nanumtype1/nanummjmad.pfb><c:/texlive/2021/texmf-d
ist/fonts/type1/public/nanumtype1/nanummjmae.pfb><c:/texlive/2021/texmf-dist/fo
nts/type1/public/nanumtype1/nanummjmb0.pfb><c:/texlive/2021/texmf-dist/fonts/ty
pe1/public/nanumtype1/nanummjmb1.pfb><c:/texlive/2021/texmf-dist/fonts/type1/pu
blic/nanumtype1/nanummjmb2.pfb><c:/texlive/2021/texmf-dist/fonts/type1/public/n
anumtype1/nanummjmb3.pfb><c:/texlive/2021/texmf-dist/fonts/type1/public/nanumty
pe1/nanummjmb4.pfb><c:/texlive/2021/texmf-dist/fonts/type1/public/nanumtype1/na
nummjmb5.pfb><c:/texlive/2021/texmf-dist/fonts/type1/public/nanumtype1/nanummjm
b6.pfb><c:/texlive/2021/texmf-dist/fonts/type1/public/nanumtype1/nanummjmb7.pfb
><c:/texlive/2021/texmf-dist/fonts/type1/public/nanumtype1/nanummjmb8.pfb><c:/t
exlive/2021/texmf-dist/fonts/type1/public/nanumtype1/nanummjmb9.pfb><c:/texlive
/2021/texmf-dist/fonts/type1/public/nanumtype1/nanummjmba.pfb><c:/texlive/2021/
texmf-dist/fonts/type1/public/nanumtype1/nanummjmbb.pfb><c:/texlive/2021/texmf-
dist/fonts/type1/public/nanumtype1/nanummjmbc.pfb><c:/texlive/2021/texmf-dist/f
onts/type1/public/nanumtype1/nanummjmbd.pfb><c:/texlive/2021/texmf-dist/fonts/t
ype1/public/nanumtype1/nanummjmbe.pfb><c:/texlive/2021/texmf-dist/fonts/type1/p
ublic/nanumtype1/nanummjmc0.pfb><c:/texlive/2021/texmf-dist/fonts/type1/public/
nanumtype1/nanummjmc1.pfb><c:/texlive/2021/texmf-dist/fonts/type1/public/nanumt
ype1/nanummjmc2.pfb><c:/texlive/2021/texmf-dist/fonts/type1/public/nanumtype1/n
anummjmc3.pfb><c:/texlive/2021/texmf-dist/fonts/type1/public/nanumtype1/nanummj
mc4.pfb><c:/texlive/2021/texmf-dist/fonts/type1/public/nanumtype1/nanummjmc5.pf
b><c:/texlive/2021/texmf-dist/fonts/type1/public/nanumtype1/nanummjmc6.pfb><c:/
texlive/2021/texmf-dist/fonts/type1/public/nanumtype1/nanummjmc7.pfb><c:/texliv
e/2021/texmf-dist/fonts/type1/public/nanumtype1/nanummjmc8.pfb><c:/texlive/2021
/texmf-dist/fonts/type1/public/nanumtype1/nanummjmc9.pfb><c:/texlive/2021/texmf
-dist/fonts/type1/public/nanumtype1/nanummjmcc.pfb><c:/texlive/2021/texmf-dist/
fonts/type1/public/nanumtype1/nanummjmcd.pfb><c:/texlive/2021/texmf-dist/fonts/
type1/public/nanumtype1/nanummjmce.pfb><c:/texlive/2021/texmf-dist/fonts/type1/
public/nanumtype1/nanummjmd0.pfb><c:/texlive/2021/texmf-dist/fonts/type1/public
/nanumtype1/nanummjmd1.pfb><c:/texlive/2021/texmf-dist/fonts/type1/public/nanum
type1/nanummjmd3.pfb><c:/texlive/2021/texmf-dist/fonts/type1/public/nanumtype1/
nanummjmd4.pfb><c:/texlive/2021/texmf-dist/fonts/type1/public/nanumtype1/nanumm
jmd5.pfb><c:/texlive/2021/texmf-dist/fonts/type1/public/nanumtype1/nanummjmd6.p
fb><c:/texlive/2021/texmf-dist/fonts/type1/public/nanumtype1/nanummjmd7.pfb><c:
/texlive/2021/texmf-dist/fonts/type1/public/cm-super/sfrm1000.pfb>
Output written on Time_Series_Regression_1.pdf (4 pages, 2620607 bytes).
PDF statistics:
 395 PDF objects out of 1000 (max. 8388607)
 236 compressed objects within 3 object streams
 0 named destinations out of 1000 (max. 500000)
 1 words of extra memory for PDF output out of 10000 (max. 10000000)

