<<<<<<< HEAD
This is pdfTeX, Version 3.141592653-2.6-1.40.24 (TeX Live 2022) (preloaded format=pdflatex 2022.10.4)  24 NOV 2022 10:26
=======
This is pdfTeX, Version 3.141592653-2.6-1.40.23 (TeX Live 2021/W32TeX) (preloaded format=pdflatex 2021.12.22)  25 NOV 2022 12:28
>>>>>>> 596a8c1136ebce02a14e1404677775060c22e892
entering extended mode
 restricted \write18 enabled.
 %&-line parsing enabled.
**Time_Series_Regression_2.tex
(./Time_Series_Regression_2.tex
LaTeX2e <2021-11-15> patch level 1
L3 programming layer <2021-11-22>
(c:/texlive/2021/texmf-dist/tex/latex/base/article.cls
Document Class: article 2021/10/04 v1.4n Standard LaTeX document class
(c:/texlive/2021/texmf-dist/tex/latex/base/size10.clo
File: size10.clo 2021/10/04 v1.4n Standard LaTeX file (size option)
)
\c@part=\count183
\c@section=\count184
\c@subsection=\count185
\c@subsubsection=\count186
\c@paragraph=\count187
\c@subparagraph=\count188
\c@figure=\count189
\c@table=\count190
\abovecaptionskip=\skip47
\belowcaptionskip=\skip48
\bibindent=\dimen138
)
(c:/texlive/2021/texmf-dist/tex/latex/amsmath/amsmath.sty
Package: amsmath 2021/10/15 v2.17l AMS math features
\@mathmargin=\skip49

For additional information on amsmath, use the `?' option.
(c:/texlive/2021/texmf-dist/tex/latex/amsmath/amstext.sty
Package: amstext 2021/08/26 v2.01 AMS text

(c:/texlive/2021/texmf-dist/tex/latex/amsmath/amsgen.sty
File: amsgen.sty 1999/11/30 v2.0 generic functions
\@emptytoks=\toks16
\ex@=\dimen139
))
(c:/texlive/2021/texmf-dist/tex/latex/amsmath/amsbsy.sty
Package: amsbsy 1999/11/29 v1.2d Bold Symbols
\pmbraise@=\dimen140
)
(c:/texlive/2021/texmf-dist/tex/latex/amsmath/amsopn.sty
Package: amsopn 2021/08/26 v2.02 operator names
)
\inf@bad=\count191
LaTeX Info: Redefining \frac on input line 234.
\uproot@=\count192
\leftroot@=\count193
LaTeX Info: Redefining \overline on input line 399.
\classnum@=\count194
\DOTSCASE@=\count195
LaTeX Info: Redefining \ldots on input line 496.
LaTeX Info: Redefining \dots on input line 499.
LaTeX Info: Redefining \cdots on input line 620.
\Mathstrutbox@=\box50
\strutbox@=\box51
\big@size=\dimen141
LaTeX Font Info:    Redeclaring font encoding OML on input line 743.
LaTeX Font Info:    Redeclaring font encoding OMS on input line 744.
\macc@depth=\count196
\c@MaxMatrixCols=\count197
\dotsspace@=\muskip16
\c@parentequation=\count198
\dspbrk@lvl=\count199
\tag@help=\toks17
\row@=\count266
\column@=\count267
\maxfields@=\count268
\andhelp@=\toks18
\eqnshift@=\dimen142
\alignsep@=\dimen143
\tagshift@=\dimen144
\tagwidth@=\dimen145
\totwidth@=\dimen146
\lineht@=\dimen147
\@envbody=\toks19
\multlinegap=\skip50
\multlinetaggap=\skip51
\mathdisplay@stack=\toks20
LaTeX Info: Redefining \[ on input line 2938.
LaTeX Info: Redefining \] on input line 2939.
)
(c:/texlive/2021/texmf-dist/tex/latex/amsfonts/amssymb.sty
Package: amssymb 2013/01/14 v3.01 AMS font symbols

(c:/texlive/2021/texmf-dist/tex/latex/amsfonts/amsfonts.sty
Package: amsfonts 2013/01/14 v3.01 Basic AMSFonts support
\symAMSa=\mathgroup4
\symAMSb=\mathgroup5
LaTeX Font Info:    Redeclaring math symbol \hbar on input line 98.
LaTeX Font Info:    Overwriting math alphabet `\mathfrak' in version `bold'
(Font)                  U/euf/m/n --> U/euf/b/n on input line 106.
))
(c:/texlive/2021/texmf-dist/tex/latex/cjk-ko/kotex.sty
Package: kotex 2015/04/19 v1.6 Korean TeX (ko.TeX)

(c:/texlive/2021/texmf-dist/tex/latex/kotex-utf/kotex.cfg)
(c:/texlive/2021/texmf-dist/tex/latex/kotex-utf/kotexutf.sty
Package: kotexutf 2015/07/18 v2.1.1 typesetting UTF-8 Korean documents

(c:/texlive/2021/texmf-dist/tex/latex/base/inputenc.sty
Package: inputenc 2021/02/14 v1.3d Input encoding file
\inpenc@prehook=\toks21
\inpenc@posthook=\toks22
)
(c:/texlive/2021/texmf-dist/tex/plain/kotex-plain/kotexutf-core.tex
\unih@ngulpoint=\count269
\dhucs@emph@raise=\dimen148
)
Now handling font encoding LUC ...
... processing UTF-8 mapping file for font encoding LUC

(c:/texlive/2021/texmf-dist/tex/latex/kotex-utf/lucenc.dfu
File: lucenc.dfu 2007/09/05 UTF-8 support for dhucs
   defining Unicode char U+00B7 (decimal 183)
   defining Unicode char U+2018 (decimal 8216)
   defining Unicode char U+2019 (decimal 8217)
   defining Unicode char U+201C (decimal 8220)
   defining Unicode char U+201D (decimal 8221)
   defining Unicode char U+3001 (decimal 12289)
   defining Unicode char U+3002 (decimal 12290)
   defining Unicode char U+3008 (decimal 12296)
   defining Unicode char U+3009 (decimal 12297)
   defining Unicode char U+300A (decimal 12298)
   defining Unicode char U+300B (decimal 12299)
   defining Unicode char U+300C (decimal 12300)
   defining Unicode char U+300D (decimal 12301)
   defining Unicode char U+300E (decimal 12302)
   defining Unicode char U+300F (decimal 12303)
   defining Unicode char U+3010 (decimal 12304)
   defining Unicode char U+3011 (decimal 12305)
   defining Unicode char U+3014 (decimal 12308)
   defining Unicode char U+3015 (decimal 12309)
   defining Unicode char U+3016 (decimal 12310)
   defining Unicode char U+3017 (decimal 12311)
   defining Unicode char U+3018 (decimal 12312)
   defining Unicode char U+3019 (decimal 12313)
   defining Unicode char U+301A (decimal 12314)
   defining Unicode char U+301B (decimal 12315)
   defining Unicode char U+FF01 (decimal 65281)
   defining Unicode char U+FF08 (decimal 65288)
   defining Unicode char U+FF09 (decimal 65289)
   defining Unicode char U+FF0C (decimal 65292)
   defining Unicode char U+FF0E (decimal 65294)
   defining Unicode char U+FF1A (decimal 65306)
   defining Unicode char U+FF1B (decimal 65307)
   defining Unicode char U+FF1C (decimal 65308)
   defining Unicode char U+FF1D (decimal 65309)
   defining Unicode char U+FF1E (decimal 65310)
   defining Unicode char U+FF1F (decimal 65311)
   defining Unicode char U+FF3B (decimal 65339)
   defining Unicode char U+FF3D (decimal 65341)
   defining Unicode char U+FF5B (decimal 65371)
   defining Unicode char U+FF5D (decimal 65373)
   defining Unicode char U+FF61 (decimal 65377)
   defining Unicode char U+FF62 (decimal 65378)
   defining Unicode char U+FF63 (decimal 65379)
   defining Unicode char U+FF64 (decimal 65380)
   defining Unicode char U+FF65 (decimal 65381)
)
\@josa=\count270
\josatoks=\toks23

(c:/texlive/2021/texmf-dist/tex/latex/cjk-ko/kolabels-utf.sty
Package: kolabels-utf 2015/03/20 v1.5 UTF-8 Hangul item labels
)))
(c:/texlive/2021/texmf-dist/tex/latex/hyperref/hyperref.sty
Package: hyperref 2021-06-07 v7.00m Hypertext links for LaTeX

(c:/texlive/2021/texmf-dist/tex/generic/ltxcmds/ltxcmds.sty
Package: ltxcmds 2020-05-10 v1.25 LaTeX kernel commands for general use (HO)
)
(c:/texlive/2021/texmf-dist/tex/generic/iftex/iftex.sty
Package: iftex 2020/03/06 v1.0d TeX engine tests
)
(c:/texlive/2021/texmf-dist/tex/generic/pdftexcmds/pdftexcmds.sty
Package: pdftexcmds 2020-06-27 v0.33 Utility functions of pdfTeX for LuaTeX (HO
)

(c:/texlive/2021/texmf-dist/tex/generic/infwarerr/infwarerr.sty
Package: infwarerr 2019/12/03 v1.5 Providing info/warning/error messages (HO)
)
Package pdftexcmds Info: \pdf@primitive is available.
Package pdftexcmds Info: \pdf@ifprimitive is available.
Package pdftexcmds Info: \pdfdraftmode found.
)
(c:/texlive/2021/texmf-dist/tex/latex/graphics/keyval.sty
Package: keyval 2014/10/28 v1.15 key=value parser (DPC)
\KV@toks@=\toks24
)
(c:/texlive/2021/texmf-dist/tex/generic/kvsetkeys/kvsetkeys.sty
Package: kvsetkeys 2019/12/15 v1.18 Key value parser (HO)
)
(c:/texlive/2021/texmf-dist/tex/generic/kvdefinekeys/kvdefinekeys.sty
Package: kvdefinekeys 2019-12-19 v1.6 Define keys (HO)
)
(c:/texlive/2021/texmf-dist/tex/generic/pdfescape/pdfescape.sty
Package: pdfescape 2019/12/09 v1.15 Implements pdfTeX's escape features (HO)
)
(c:/texlive/2021/texmf-dist/tex/latex/hycolor/hycolor.sty
Package: hycolor 2020-01-27 v1.10 Color options for hyperref/bookmark (HO)
)
(c:/texlive/2021/texmf-dist/tex/latex/letltxmacro/letltxmacro.sty
Package: letltxmacro 2019/12/03 v1.6 Let assignment for LaTeX macros (HO)
)
(c:/texlive/2021/texmf-dist/tex/latex/auxhook/auxhook.sty
Package: auxhook 2019-12-17 v1.6 Hooks for auxiliary files (HO)
)
(c:/texlive/2021/texmf-dist/tex/latex/kvoptions/kvoptions.sty
Package: kvoptions 2020-10-07 v3.14 Key value format for package options (HO)
)
\@linkdim=\dimen149
\Hy@linkcounter=\count271
\Hy@pagecounter=\count272

(c:/texlive/2021/texmf-dist/tex/latex/hyperref/pd1enc.def
File: pd1enc.def 2021-06-07 v7.00m Hyperref: PDFDocEncoding definition (HO)
Now handling font encoding PD1 ...
... no UTF-8 mapping file for font encoding PD1
)
(c:/texlive/2021/texmf-dist/tex/latex/hyperref/hyperref-langpatches.def
File: hyperref-langpatches.def 2021-06-07 v7.00m Hyperref: patches for babel la
nguages
)
(c:/texlive/2021/texmf-dist/tex/generic/intcalc/intcalc.sty
Package: intcalc 2019/12/15 v1.3 Expandable calculations with integers (HO)
)
(c:/texlive/2021/texmf-dist/tex/generic/etexcmds/etexcmds.sty
Package: etexcmds 2019/12/15 v1.7 Avoid name clashes with e-TeX commands (HO)
)
\Hy@SavedSpaceFactor=\count273

(c:/texlive/2021/texmf-dist/tex/latex/hyperref/puenc.def
File: puenc.def 2021-06-07 v7.00m Hyperref: PDF Unicode definition (HO)
Now handling font encoding PU ...
... no UTF-8 mapping file for font encoding PU
)
Package hyperref Info: Hyper figures OFF on input line 4192.
Package hyperref Info: Link nesting OFF on input line 4197.
Package hyperref Info: Hyper index ON on input line 4200.
Package hyperref Info: Plain pages OFF on input line 4207.
Package hyperref Info: Backreferencing OFF on input line 4212.
Package hyperref Info: Implicit mode ON; LaTeX internals redefined.
Package hyperref Info: Bookmarks ON on input line 4445.
\c@Hy@tempcnt=\count274

(c:/texlive/2021/texmf-dist/tex/latex/url/url.sty
\Urlmuskip=\muskip17
Package: url 2013/09/16  ver 3.4  Verb mode for urls, etc.
)
LaTeX Info: Redefining \url on input line 4804.
\XeTeXLinkMargin=\dimen150

(c:/texlive/2021/texmf-dist/tex/generic/bitset/bitset.sty
Package: bitset 2019/12/09 v1.3 Handle bit-vector datatype (HO)

(c:/texlive/2021/texmf-dist/tex/generic/bigintcalc/bigintcalc.sty
Package: bigintcalc 2019/12/15 v1.5 Expandable calculations on big integers (HO
)
))
\Fld@menulength=\count275
\Field@Width=\dimen151
\Fld@charsize=\dimen152
Package hyperref Info: Hyper figures OFF on input line 6076.
Package hyperref Info: Link nesting OFF on input line 6081.
Package hyperref Info: Hyper index ON on input line 6084.
Package hyperref Info: backreferencing OFF on input line 6091.
Package hyperref Info: Link coloring OFF on input line 6096.
Package hyperref Info: Link coloring with OCG OFF on input line 6101.
Package hyperref Info: PDF/A mode OFF on input line 6106.
LaTeX Info: Redefining \ref on input line 6146.
LaTeX Info: Redefining \pageref on input line 6150.

(c:/texlive/2021/texmf-dist/tex/latex/base/atbegshi-ltx.sty
Package: atbegshi-ltx 2021/01/10 v1.0c Emulation of the original atbegshi
package with kernel methods
)
\Hy@abspage=\count276
\c@Item=\count277
\c@Hfootnote=\count278
)
Package hyperref Info: Driver (autodetected): hpdftex.

(c:/texlive/2021/texmf-dist/tex/latex/hyperref/hpdftex.def
File: hpdftex.def 2021-06-07 v7.00m Hyperref driver for pdfTeX

(c:/texlive/2021/texmf-dist/tex/latex/base/atveryend-ltx.sty
Package: atveryend-ltx 2020/08/19 v1.0a Emulation of the original atveryend pac
kage
with kernel methods
)
\Fld@listcount=\count279
\c@bookmark@seq@number=\count280

(c:/texlive/2021/texmf-dist/tex/latex/rerunfilecheck/rerunfilecheck.sty
Package: rerunfilecheck 2019/12/05 v1.9 Rerun checks for auxiliary files (HO)

(c:/texlive/2021/texmf-dist/tex/generic/uniquecounter/uniquecounter.sty
Package: uniquecounter 2019/12/15 v1.4 Provide unlimited unique counter (HO)
)
Package uniquecounter Info: New unique counter `rerunfilecheck' on input line 2
86.
)
\Hy@SectionHShift=\skip52
)
(c:/texlive/2021/texmf-dist/tex/latex/graphics/graphicx.sty
Package: graphicx 2021/09/16 v1.2d Enhanced LaTeX Graphics (DPC,SPQR)

(c:/texlive/2021/texmf-dist/tex/latex/graphics/graphics.sty
Package: graphics 2021/03/04 v1.4d Standard LaTeX Graphics (DPC,SPQR)

(c:/texlive/2021/texmf-dist/tex/latex/graphics/trig.sty
Package: trig 2021/08/11 v1.11 sin cos tan (DPC)
)
(c:/texlive/2021/texmf-dist/tex/latex/graphics-cfg/graphics.cfg
File: graphics.cfg 2016/06/04 v1.11 sample graphics configuration
)
Package graphics Info: Driver file: pdftex.def on input line 107.

(c:/texlive/2021/texmf-dist/tex/latex/graphics-def/pdftex.def
File: pdftex.def 2020/10/05 v1.2a Graphics/color driver for pdftex
))
\Gin@req@height=\dimen153
\Gin@req@width=\dimen154
)
(c:/texlive/2021/texmf-dist/tex/latex/mdframed/mdframed.sty
Package: mdframed 2013/07/01 1.9b: mdframed

(c:/texlive/2021/texmf-dist/tex/latex/l3packages/xparse/xparse.sty
(c:/texlive/2021/texmf-dist/tex/latex/l3kernel/expl3.sty
Package: expl3 2021-11-22 L3 programming layer (loader) 

(c:/texlive/2021/texmf-dist/tex/latex/l3backend/l3backend-pdftex.def
File: l3backend-pdftex.def 2021-12-14 L3 backend support: PDF output (pdfTeX)
\l__color_backend_stack_int=\count281
\l__pdf_internal_box=\box52
))
Package: xparse 2021-11-12 L3 Experimental document command parser
)
(c:/texlive/2021/texmf-dist/tex/latex/etoolbox/etoolbox.sty
Package: etoolbox 2020/10/05 v2.5k e-TeX tools for LaTeX (JAW)
\etb@tempcnta=\count282
)
(c:/texlive/2021/texmf-dist/tex/latex/zref/zref-abspage.sty
Package: zref-abspage 2020-07-03 v2.32 Module abspage for zref (HO)

(c:/texlive/2021/texmf-dist/tex/latex/zref/zref-base.sty
Package: zref-base 2020-07-03 v2.32 Module base for zref (HO)
Package zref Info: New property list: main on input line 764.
Package zref Info: New property: default on input line 765.
Package zref Info: New property: page on input line 766.
)
\c@abspage=\count283
Package zref Info: New property: abspage on input line 66.
)
(c:/texlive/2021/texmf-dist/tex/latex/needspace/needspace.sty
Package: needspace 2010/09/12 v1.3d reserve vertical space
)
(c:/texlive/2021/texmf-dist/tex/latex/graphics/color.sty
Package: color 2021/12/07 v1.3c Standard LaTeX Color (DPC)

(c:/texlive/2021/texmf-dist/tex/latex/graphics-cfg/color.cfg
File: color.cfg 2016/01/02 v1.6 sample color configuration
)
Package color Info: Driver file: pdftex.def on input line 149.
)
\mdf@templength=\skip53
\c@mdf@globalstyle@cnt=\count284
\mdf@skipabove@length=\skip54
\mdf@skipbelow@length=\skip55
\mdf@leftmargin@length=\skip56
\mdf@rightmargin@length=\skip57
\mdf@innerleftmargin@length=\skip58
\mdf@innerrightmargin@length=\skip59
\mdf@innertopmargin@length=\skip60
\mdf@innerbottommargin@length=\skip61
\mdf@splittopskip@length=\skip62
\mdf@splitbottomskip@length=\skip63
\mdf@outermargin@length=\skip64
\mdf@innermargin@length=\skip65
\mdf@linewidth@length=\skip66
\mdf@innerlinewidth@length=\skip67
\mdf@middlelinewidth@length=\skip68
\mdf@outerlinewidth@length=\skip69
\mdf@roundcorner@length=\skip70
\mdf@footenotedistance@length=\skip71
\mdf@userdefinedwidth@length=\skip72
\mdf@needspace@length=\skip73
\mdf@frametitleaboveskip@length=\skip74
\mdf@frametitlebelowskip@length=\skip75
\mdf@frametitlerulewidth@length=\skip76
\mdf@frametitleleftmargin@length=\skip77
\mdf@frametitlerightmargin@length=\skip78
\mdf@shadowsize@length=\skip79
\mdf@extratopheight@length=\skip80
\mdf@subtitleabovelinewidth@length=\skip81
\mdf@subtitlebelowlinewidth@length=\skip82
\mdf@subtitleaboveskip@length=\skip83
\mdf@subtitlebelowskip@length=\skip84
\mdf@subtitleinneraboveskip@length=\skip85
\mdf@subtitleinnerbelowskip@length=\skip86
\mdf@subsubtitleabovelinewidth@length=\skip87
\mdf@subsubtitlebelowlinewidth@length=\skip88
\mdf@subsubtitleaboveskip@length=\skip89
\mdf@subsubtitlebelowskip@length=\skip90
\mdf@subsubtitleinneraboveskip@length=\skip91
\mdf@subsubtitleinnerbelowskip@length=\skip92

(c:/texlive/2021/texmf-dist/tex/latex/mdframed/md-frame-0.mdf
File: md-frame-0.mdf 2013/07/01\ 1.9b: md-frame-0
)
\mdf@frametitlebox=\box53
\mdf@footnotebox=\box54
\mdf@splitbox@one=\box55
\mdf@splitbox@two=\box56
\mdf@splitbox@save=\box57
\mdfsplitboxwidth=\skip93
\mdfsplitboxtotalwidth=\skip94
\mdfsplitboxheight=\skip95
\mdfsplitboxdepth=\skip96
\mdfsplitboxtotalheight=\skip97
\mdfframetitleboxwidth=\skip98
\mdfframetitleboxtotalwidth=\skip99
\mdfframetitleboxheight=\skip100
\mdfframetitleboxdepth=\skip101
\mdfframetitleboxtotalheight=\skip102
\mdffootnoteboxwidth=\skip103
\mdffootnoteboxtotalwidth=\skip104
\mdffootnoteboxheight=\skip105
\mdffootnoteboxdepth=\skip106
\mdffootnoteboxtotalheight=\skip107
\mdftotallinewidth=\skip108
\mdfboundingboxwidth=\skip109
\mdfboundingboxtotalwidth=\skip110
\mdfboundingboxheight=\skip111
\mdfboundingboxdepth=\skip112
\mdfboundingboxtotalheight=\skip113
\mdf@freevspace@length=\skip114
\mdf@horizontalwidthofbox@length=\skip115
\mdf@verticalmarginwhole@length=\skip116
\mdf@horizontalspaceofbox=\skip117
\mdfsubtitleheight=\skip118
\mdfsubsubtitleheight=\skip119
\c@mdfcountframes=\count285

****** mdframed patching \endmdf@trivlist

****** -- success******

\mdf@envdepth=\count286
\c@mdf@env@i=\count287
\c@mdf@env@ii=\count288
\c@mdf@zref@counter=\count289
Package zref Info: New property: mdf@pagevalue on input line 895.
)
(c:/texlive/2021/texmf-dist/tex/latex/setspace/setspace.sty
Package: setspace 2011/12/19 v6.7a set line spacing
)
(c:/texlive/2021/texmf-dist/tex/latex/geometry/geometry.sty
Package: geometry 2020/01/02 v5.9 Page Geometry

(c:/texlive/2021/texmf-dist/tex/generic/iftex/ifvtex.sty
Package: ifvtex 2019/10/25 v1.7 ifvtex legacy package. Use iftex instead.
)
\Gm@cnth=\count290
\Gm@cntv=\count291
\c@Gm@tempcnt=\count292
\Gm@bindingoffset=\dimen155
\Gm@wd@mp=\dimen156
\Gm@odd@mp=\dimen157
\Gm@even@mp=\dimen158
\Gm@layoutwidth=\dimen159
\Gm@layoutheight=\dimen160
\Gm@layouthoffset=\dimen161
\Gm@layoutvoffset=\dimen162
\Gm@dimlist=\toks25
)
(./Time_Series_Regression_2.aux)
\openout1 = `Time_Series_Regression_2.aux'.

LaTeX Font Info:    Checking defaults for OML/cmm/m/it on input line 5.
LaTeX Font Info:    ... okay on input line 5.
LaTeX Font Info:    Checking defaults for OMS/cmsy/m/n on input line 5.
LaTeX Font Info:    ... okay on input line 5.
LaTeX Font Info:    Checking defaults for OT1/cmr/m/n on input line 5.
LaTeX Font Info:    ... okay on input line 5.
LaTeX Font Info:    Checking defaults for T1/cmr/m/n on input line 5.
LaTeX Font Info:    ... okay on input line 5.
LaTeX Font Info:    Checking defaults for TS1/cmr/m/n on input line 5.
LaTeX Font Info:    ... okay on input line 5.
LaTeX Font Info:    Checking defaults for OMX/cmex/m/n on input line 5.
LaTeX Font Info:    ... okay on input line 5.
LaTeX Font Info:    Checking defaults for U/cmr/m/n on input line 5.
LaTeX Font Info:    ... okay on input line 5.
LaTeX Font Info:    Checking defaults for LUC/nanummj/m/n on input line 5.
LaTeX Font Info:    Trying to load font information for LUC+nanummj on input li
ne 5.

(c:/texlive/2021/texmf-dist/tex/latex/nanumtype1/lucnanummj.fd
File: lucnanummj.fd 2013/02/12 v0.1 Nanum Myeongjo font definitions
)
LaTeX Font Info:    ... okay on input line 5.
LaTeX Font Info:    Checking defaults for PD1/pdf/m/n on input line 5.
LaTeX Font Info:    ... okay on input line 5.
LaTeX Font Info:    Checking defaults for PU/pdf/m/n on input line 5.
LaTeX Font Info:    ... okay on input line 5.
Package hyperref Info: Link coloring OFF on input line 5.

(c:/texlive/2021/texmf-dist/tex/latex/hyperref/nameref.sty
Package: nameref 2021-04-02 v2.47 Cross-referencing by name of section

(c:/texlive/2021/texmf-dist/tex/latex/refcount/refcount.sty
Package: refcount 2019/12/15 v3.6 Data extraction from label references (HO)
)
(c:/texlive/2021/texmf-dist/tex/generic/gettitlestring/gettitlestring.sty
Package: gettitlestring 2019/12/15 v1.6 Cleanup title references (HO)
)
\c@section@level=\count293
)
LaTeX Info: Redefining \ref on input line 5.
LaTeX Info: Redefining \pageref on input line 5.
LaTeX Info: Redefining \nameref on input line 5.

(./Time_Series_Regression_2.out) (./Time_Series_Regression_2.out)
\@outlinefile=\write3
\openout3 = `Time_Series_Regression_2.out'.


(c:/texlive/2021/texmf-dist/tex/context/base/mkii/supp-pdf.mkii
[Loading MPS to PDF converter (version 2006.09.02).]
\scratchcounter=\count294
\scratchdimen=\dimen163
\scratchbox=\box58
\nofMPsegments=\count295
\nofMParguments=\count296
\everyMPshowfont=\toks26
\MPscratchCnt=\count297
\MPscratchDim=\dimen164
\MPnumerator=\count298
\makeMPintoPDFobject=\count299
\everyMPtoPDFconversion=\toks27
) (c:/texlive/2021/texmf-dist/tex/latex/epstopdf-pkg/epstopdf-base.sty
Package: epstopdf-base 2020-01-24 v2.11 Base part for package epstopdf
Package epstopdf-base Info: Redefining graphics rule for `.eps' on input line 4
85.

(c:/texlive/2021/texmf-dist/tex/latex/latexconfig/epstopdf-sys.cfg
File: epstopdf-sys.cfg 2010/07/13 v1.3 Configuration of (r)epstopdf for TeX Liv
e
))
*geometry* driver: auto-detecting
*geometry* detected driver: pdftex
*geometry* verbose mode - [ preamble ] result:
* driver: pdftex
* paper: a4paper
* layout: <same size as paper>
* layoutoffset:(h,v)=(0.0pt,0.0pt)
* modes: 
* h-part:(L,W,R)=(40.0pt, 517.50787pt, 40.0pt)
* v-part:(T,H,B)=(40.0pt, 765.04684pt, 40.0pt)
* \paperwidth=597.50787pt
* \paperheight=845.04684pt
* \textwidth=517.50787pt
* \textheight=765.04684pt
* \oddsidemargin=-32.26999pt
* \evensidemargin=-32.26999pt
* \topmargin=-69.26999pt
* \headheight=12.0pt
* \headsep=25.0pt
* \topskip=10.0pt
* \footskip=30.0pt
* \marginparwidth=65.0pt
* \marginparsep=11.0pt
* \columnsep=10.0pt
* \skip\footins=9.0pt plus 4.0pt minus 2.0pt
* \hoffset=0.0pt
* \voffset=0.0pt
* \mag=1000
* \@twocolumnfalse
* \@twosidefalse
* \@mparswitchfalse
* \@reversemarginfalse
* (1in=72.27pt=25.4mm, 1cm=28.453pt)

LaTeX Font Info:    Trying to load font information for U+msa on input line 10.

(c:/texlive/2021/texmf-dist/tex/latex/amsfonts/umsa.fd
File: umsa.fd 2013/01/14 v3.01 AMS symbols A
)
LaTeX Font Info:    Trying to load font information for U+msb on input line 10.


(c:/texlive/2021/texmf-dist/tex/latex/amsfonts/umsb.fd
File: umsb.fd 2013/01/14 v3.01 AMS symbols B
)
(./Time_Series_Regression_2.toc)
\tf@toc=\write4
\openout4 = `Time_Series_Regression_2.toc'.

 [1

{c:/texlive/2021/texmf-var/fonts/map/pdftex/updmap/pdftex.map}] [2] [3] [4] [5]

Overfull \hbox (9.61345pt too wide) detected at line 287
[]
 []

[6]
<autocorrelation-1.png, id=217, 1075.76906pt x 874.01532pt>
File: autocorrelation-1.png Graphic file (type png)
<use autocorrelation-1.png>
Package pdftex.def Info: autocorrelation-1.png  used on input line 334.
(pdftex.def)             Requested size: 310.50787pt x 252.27101pt.
 [7]
<autocorrelation-2.png, id=226, 3670.71375pt x 1815.78375pt>
File: autocorrelation-2.png Graphic file (type png)
<use autocorrelation-2.png>
Package pdftex.def Info: autocorrelation-2.png  used on input line 353.
(pdftex.def)             Requested size: 517.50787pt x 255.98122pt.
 [8 <./autocorrelation-1.png> <./autocorrelation-2.png>]
<negative_autocorrelation.png, id=235, 941.01563pt x 750.55406pt>
File: negative_autocorrelation.png Graphic file (type png)
<use negative_autocorrelation.png>
Package pdftex.def Info: negative_autocorrelation.png  used on input line 396.
(pdftex.def)             Requested size: 258.75394pt x 206.37437pt.
<autocorrelation-3.png, id=236, 1355.0625pt x 596.2275pt>
File: autocorrelation-3.png Graphic file (type png)
<use autocorrelation-3.png>
Package pdftex.def Info: autocorrelation-3.png  used on input line 401.
(pdftex.def)             Requested size: 310.50787pt x 136.61996pt.
 [9 <./negative_autocorrelation.png>]
<positive_autocorrelation.png, id=242, 974.13937pt x 727.96968pt>
File: positive_autocorrelation.png Graphic file (type png)
<use positive_autocorrelation.png>
Package pdftex.def Info: positive_autocorrelation.png  used on input line 407.
(pdftex.def)             Requested size: 258.75394pt x 193.36647pt.
<autocorrelation-4.png, id=243, 1159.33125pt x 456.95718pt>
File: autocorrelation-4.png Graphic file (type png)
<use autocorrelation-4.png>
Package pdftex.def Info: autocorrelation-4.png  used on input line 412.
(pdftex.def)             Requested size: 310.50787pt x 122.38997pt.
<autocorrelation-5.png, id=244, 1251.92719pt x 539.76656pt>
File: autocorrelation-5.png Graphic file (type png)
<use autocorrelation-5.png>
Package pdftex.def Info: autocorrelation-5.png  used on input line 423.
(pdftex.def)             Requested size: 310.50787pt x 133.8706pt.
 [10 <./autocorrelation-3.png> <./positive_autocorrelation.png> <./autocorrelat
ion-4.png>] [11 <./autocorrelation-5.png>]
<positively_autocorrelated_test.png, id=270, 1048.66782pt x 710.655pt>
File: positively_autocorrelated_test.png Graphic file (type png)
<use positively_autocorrelated_test.png>
Package pdftex.def Info: positively_autocorrelated_test.png  used on input line
 487.
(pdftex.def)             Requested size: 258.75394pt x 175.34276pt.
<d_L_and_d_U.png, id=273, 423.08063pt x 54.9553pt>
File: d_L_and_d_U.png Graphic file (type png)
<use d_L_and_d_U.png>
Package pdftex.def Info: d_L_and_d_U.png  used on input line 502.
(pdftex.def)             Requested size: 155.25394pt x 20.16626pt.
 [12 <./positively_autocorrelated_test.png> <./d_L_and_d_U.png>]
<negatively_autocorrelated_test.png, id=281, 1251.92719pt x 734.745pt>
File: negatively_autocorrelated_test.png Graphic file (type png)
<use negatively_autocorrelated_test.png>
Package pdftex.def Info: negatively_autocorrelated_test.png  used on input line
 510.
(pdftex.def)             Requested size: 258.75394pt x 151.85693pt.
<comment_on_DWtest.png, id=283, 1251.92719pt x 587.19376pt>
File: comment_on_DWtest.png Graphic file (type png)
<use comment_on_DWtest.png>
Package pdftex.def Info: comment_on_DWtest.png  used on input line 528.
(pdftex.def)             Requested size: 258.75394pt x 121.36107pt.
<increasing_seasonal_variation.png, id=284, 1251.92719pt x 762.59906pt>
File: increasing_seasonal_variation.png Graphic file (type png)
<use increasing_seasonal_variation.png>
Package pdftex.def Info: increasing_seasonal_variation.png  used on input line 
535.
(pdftex.def)             Requested size: 258.75394pt x 157.61382pt.
 [13 <./negatively_autocorrelated_test.png> <./comment_on_DWtest.png> <./increa
sing_seasonal_variation.png>]
<two_transforms.png, id=290, 1251.92719pt x 691.83469pt>
File: two_transforms.png Graphic file (type png)
<use two_transforms.png>
Package pdftex.def Info: two_transforms.png  used on input line 545.
(pdftex.def)             Requested size: 258.75394pt x 142.98824pt.
<linear_upper_and_lower_trends.png, id=291, 654.0435pt x 479.391pt>
File: linear_upper_and_lower_trends.png Graphic file (type png)
<use linear_upper_and_lower_trends.png>
Package pdftex.def Info: linear_upper_and_lower_trends.png  used on input line 
552.
(pdftex.def)             Requested size: 155.25394pt x 113.79071pt.

[14 <./two_transforms.png> <./linear_upper_and_lower_trends.png>]
(./Time_Series_Regression_2.aux)
Package rerunfilecheck Info: File `Time_Series_Regression_2.out' has not change
d.
(rerunfilecheck)             Checksum: 258C0AC1DB19466C1712952EAEFE409E;3144.
 ) 
Here is how much of TeX's memory you used:
<<<<<<< HEAD
 12057 strings out of 475071
 194647 string characters out of 5782908
 562998 words of memory out of 5000000
 33156 multiletter control sequences out of 15000+600000
 521428 words of font info for 210 fonts, out of 8000000 for 9000
=======
 12000 strings out of 478353
 192448 string characters out of 5852100
 517648 words of memory out of 5000000
 29825 multiletter control sequences out of 15000+600000
 455599 words of font info for 209 fonts, out of 8000000 for 9000
>>>>>>> 596a8c1136ebce02a14e1404677775060c22e892
 1141 hyphenation exceptions out of 8191
 68i,14n,77p,511b,524s stack positions out of 5000i,500n,10000p,200000b,80000s
pdfTeX warning (dest): name{Hfootnote.9} has been referenced but does not exi
st, replaced by a fixed one

pdfTeX warning (dest): name{Hfootnote.8} has been referenced but does not exist
, replaced by a fixed one

pdfTeX warning (dest): name{Hfootnote.7} has been referenced but does not exist
, replaced by a fixed one

pdfTeX warning (dest): name{Hfootnote.6} has been referenced but does not exist
, replaced by a fixed one

pdfTeX warning (dest): name{Hfootnote.5} has been referenced but does not exist
, replaced by a fixed one

pdfTeX warning (dest): name{Hfootnote.4} has been referenced but does not exist
, replaced by a fixed one

pdfTeX warning (dest): name{Hfootnote.3} has been referenced but does not exist
, replaced by a fixed one

pdfTeX warning (dest): name{Hfootnote.2} has been referenced but does not exist
, replaced by a fixed one

pdfTeX warning (dest): name{Hfootnote.1} has been referenced but does not exist
, replaced by a fixed one

{c:/texlive/2021/texmf-dist/fonts/enc/dvips/cm-super/cm-super-ts1.enc}<c:/texli
ve/2021/texmf-dist/fonts/type1/public/amsfonts/cm/cmbx10.pfb><c:/texlive/2021/t
exmf-dist/fonts/type1/public/amsfonts/cm/cmbx12.pfb><c:/texlive/2021/texmf-dist
/fonts/type1/public/amsfonts/cm/cmbx8.pfb><c:/texlive/2021/texmf-dist/fonts/typ
e1/public/amsfonts/cm/cmex10.pfb><c:/texlive/2021/texmf-dist/fonts/type1/public
/amsfonts/cm/cmitt10.pfb><c:/texlive/2021/texmf-dist/fonts/type1/public/amsfont
s/cm/cmmi10.pfb><c:/texlive/2021/texmf-dist/fonts/type1/public/amsfonts/cm/cmmi
5.pfb><c:/texlive/2021/texmf-dist/fonts/type1/public/amsfonts/cm/cmmi6.pfb><c:/
texlive/2021/texmf-dist/fonts/type1/public/amsfonts/cm/cmmi7.pfb><c:/texlive/20
21/texmf-dist/fonts/type1/public/amsfonts/cm/cmmi8.pfb><c:/texlive/2021/texmf-d
ist/fonts/type1/public/amsfonts/cm/cmr10.pfb><c:/texlive/2021/texmf-dist/fonts/
type1/public/amsfonts/cm/cmr12.pfb><c:/texlive/2021/texmf-dist/fonts/type1/publ
ic/amsfonts/cm/cmr17.pfb><c:/texlive/2021/texmf-dist/fonts/type1/public/amsfont
s/cm/cmr5.pfb><c:/texlive/2021/texmf-dist/fonts/type1/public/amsfonts/cm/cmr6.p
fb><c:/texlive/2021/texmf-dist/fonts/type1/public/amsfonts/cm/cmr7.pfb><c:/texl
ive/2021/texmf-dist/fonts/type1/public/amsfonts/cm/cmr8.pfb><c:/texlive/2021/te
xmf-dist/fonts/type1/public/amsfonts/cm/cmsy10.pfb><c:/texlive/2021/texmf-dist/
fonts/type1/public/amsfonts/cm/cmsy6.pfb><c:/texlive/2021/texmf-dist/fonts/type
1/public/amsfonts/cm/cmsy7.pfb><c:/texlive/2021/texmf-dist/fonts/type1/public/a
msfonts/cm/cmsy8.pfb><c:/texlive/2021/texmf-dist/fonts/type1/public/amsfonts/cm
/cmti10.pfb><c:/texlive/2021/texmf-dist/fonts/type1/public/amsfonts/symbols/msb
m10.pfb><c:/texlive/2021/texmf-dist/fonts/type1/public/nanumtype1/nanummjbac.pf
b><c:/texlive/2021/texmf-dist/fonts/type1/public/nanumtype1/nanummjbad.pfb><c:/
texlive/2021/texmf-dist/fonts/type1/public/nanumtype1/nanummjbae.pfb><c:/texliv
e/2021/texmf-dist/fonts/type1/public/nanumtype1/nanummjbb2.pfb><c:/texlive/2021
/texmf-dist/fonts/type1/public/nanumtype1/nanummjbb3.pfb><c:/texlive/2021/texmf
-dist/fonts/type1/public/nanumtype1/nanummjbb7.pfb><c:/texlive/2021/texmf-dist/
fonts/type1/public/nanumtype1/nanummjbba.pfb><c:/texlive/2021/texmf-dist/fonts/
type1/public/nanumtype1/nanummjbbd.pfb><c:/texlive/2021/texmf-dist/fonts/type1/
public/nanumtype1/nanummjbc0.pfb><c:/texlive/2021/texmf-dist/fonts/type1/public
/nanumtype1/nanummjbc1.pfb><c:/texlive/2021/texmf-dist/fonts/type1/public/nanum
type1/nanummjbc2.pfb><c:/texlive/2021/texmf-dist/fonts/type1/public/nanumtype1/
nanummjbc5.pfb><c:/texlive/2021/texmf-dist/fonts/type1/public/nanumtype1/nanumm
jbc6.pfb><c:/texlive/2021/texmf-dist/fonts/type1/public/nanumtype1/nanummjbc7.p
fb><c:/texlive/2021/texmf-dist/fonts/type1/public/nanumtype1/nanummjbc8.pfb><c:
/texlive/2021/texmf-dist/fonts/type1/public/nanumtype1/nanummjbc9.pfb><c:/texli
ve/2021/texmf-dist/fonts/type1/public/nanumtype1/nanummjbcc.pfb><c:/texlive/202
1/texmf-dist/fonts/type1/public/nanumtype1/nanummjbcd.pfb><c:/texlive/2021/texm
f-dist/fonts/type1/public/nanumtype1/nanummjbd5.pfb><c:/texlive/2021/texmf-dist
/fonts/type1/public/nanumtype1/nanummjbd6.pfb><c:/texlive/2021/texmf-dist/fonts
/type1/public/nanumtype1/nanummjmac.pfb><c:/texlive/2021/texmf-dist/fonts/type1
/public/nanumtype1/nanummjmad.pfb><c:/texlive/2021/texmf-dist/fonts/type1/publi
c/nanumtype1/nanummjmae.pfb><c:/texlive/2021/texmf-dist/fonts/type1/public/nanu
mtype1/nanummjmaf.pfb><c:/texlive/2021/texmf-dist/fonts/type1/public/nanumtype1
/nanummjmb0.pfb><c:/texlive/2021/texmf-dist/fonts/type1/public/nanumtype1/nanum
mjmb1.pfb><c:/texlive/2021/texmf-dist/fonts/type1/public/nanumtype1/nanummjmb2.
pfb><c:/texlive/2021/texmf-dist/fonts/type1/public/nanumtype1/nanummjmb3.pfb><c
:/texlive/2021/texmf-dist/fonts/type1/public/nanumtype1/nanummjmb4.pfb><c:/texl
ive/2021/texmf-dist/fonts/type1/public/nanumtype1/nanummjmb5.pfb><c:/texlive/20
21/texmf-dist/fonts/type1/public/nanumtype1/nanummjmb6.pfb><c:/texlive/2021/tex
mf-dist/fonts/type1/public/nanumtype1/nanummjmb7.pfb><c:/texlive/2021/texmf-dis
t/fonts/type1/public/nanumtype1/nanummjmb8.pfb><c:/texlive/2021/texmf-dist/font
s/type1/public/nanumtype1/nanummjmb9.pfb><c:/texlive/2021/texmf-dist/fonts/type
1/public/nanumtype1/nanummjmba.pfb><c:/texlive/2021/texmf-dist/fonts/type1/publ
ic/nanumtype1/nanummjmbb.pfb><c:/texlive/2021/texmf-dist/fonts/type1/public/nan
umtype1/nanummjmbc.pfb><c:/texlive/2021/texmf-dist/fonts/type1/public/nanumtype
1/nanummjmbd.pfb><c:/texlive/2021/texmf-dist/fonts/type1/public/nanumtype1/nanu
mmjmbe.pfb><c:/texlive/2021/texmf-dist/fonts/type1/public/nanumtype1/nanummjmc0
.pfb><c:/texlive/2021/texmf-dist/fonts/type1/public/nanumtype1/nanummjmc1.pfb><
c:/texlive/2021/texmf-dist/fonts/type1/public/nanumtype1/nanummjmc2.pfb><c:/tex
live/2021/texmf-dist/fonts/type1/public/nanumtype1/nanummjmc3.pfb><c:/texlive/2
021/texmf-dist/fonts/type1/public/nanumtype1/nanummjmc4.pfb><c:/texlive/2021/te
xmf-dist/fonts/type1/public/nanumtype1/nanummjmc5.pfb><c:/texlive/2021/texmf-di
st/fonts/type1/public/nanumtype1/nanummjmc6.pfb><c:/texlive/2021/texmf-dist/fon
ts/type1/public/nanumtype1/nanummjmc7.pfb><c:/texlive/2021/texmf-dist/fonts/typ
e1/public/nanumtype1/nanummjmc8.pfb><c:/texlive/2021/texmf-dist/fonts/type1/pub
lic/nanumtype1/nanummjmc9.pfb><c:/texlive/2021/texmf-dist/fonts/type1/public/na
numtype1/nanummjmca.pfb><c:/texlive/2021/texmf-dist/fonts/type1/public/nanumtyp
e1/nanummjmcb.pfb><c:/texlive/2021/texmf-dist/fonts/type1/public/nanumtype1/nan
ummjmcc.pfb><c:/texlive/2021/texmf-dist/fonts/type1/public/nanumtype1/nanummjmc
d.pfb><c:/texlive/2021/texmf-dist/fonts/type1/public/nanumtype1/nanummjmce.pfb>
<c:/texlive/2021/texmf-dist/fonts/type1/public/nanumtype1/nanummjmcf.pfb><c:/te
xlive/2021/texmf-dist/fonts/type1/public/nanumtype1/nanummjmd0.pfb><c:/texlive/
2021/texmf-dist/fonts/type1/public/nanumtype1/nanummjmd1.pfb><c:/texlive/2021/t
exmf-dist/fonts/type1/public/nanumtype1/nanummjmd2.pfb><c:/texlive/2021/texmf-d
ist/fonts/type1/public/nanumtype1/nanummjmd3.pfb><c:/texlive/2021/texmf-dist/fo
nts/type1/public/nanumtype1/nanummjmd4.pfb><c:/texlive/2021/texmf-dist/fonts/ty
pe1/public/nanumtype1/nanummjmd5.pfb><c:/texlive/2021/texmf-dist/fonts/type1/pu
blic/nanumtype1/nanummjmd6.pfb><c:/texlive/2021/texmf-dist/fonts/type1/public/n
anumtype1/nanummjmd7.pfb><c:/texlive/2021/texmf-dist/fonts/type1/public/cm-supe
r/sfrm1000.pfb>
<<<<<<< HEAD
Output written on Time_Series_Regression_2.pdf (14 pages, 7144093 bytes).
=======
Output written on Time_Series_Regression_2.pdf (14 pages, 7124922 bytes).
>>>>>>> 596a8c1136ebce02a14e1404677775060c22e892
PDF statistics:
 665 PDF objects out of 1000 (max. 8388607)
 453 compressed objects within 5 object streams
 51 named destinations out of 1000 (max. 500000)
 199 words of extra memory for PDF output out of 10000 (max. 10000000)

